# JRE version: OpenJDK Runtime Environment Temurin-17.0.2+8 (17.0.2+8) (build 17.0.2+8)
# Java VM: OpenJDK 64-Bit Server VM Temurin-17.0.2+8 (17.0.2+8, mixed mode, sharing, tiered, compressed oops, compressed class ptrs, g1 gc, windows-amd64)
GC Precious Log:
 CPUs: 8 total, 8 available
 Memory: 16335M
 Large Page Support: Disabled
 NUMA Support: Disabled
 Compressed Oops: Enabled (32-bit)
 Heap Region Size: 1M
 Heap Min Capacity: 8M
 Heap Initial Capacity: 256M
 Heap Max Capacity: 1G
 Pre-touch: Disabled
 Parallel Workers: 8
 Concurrent Workers: 2
 Concurrent Refinement Workers: 8
 Periodic GC: Disabled
Heap:
 garbage-first heap   total 339968K, used 201542K [0x00000000c0000000, 0x0000000100000000)
  region size 1024K, 7 young (7168K), 2 survivors (2048K)
 Metaspace       used 93733K, committed 94784K, reserved 1138688K
  class space    used 12240K, committed 12864K, reserved 1048576K
GC Heap History (20 events):
Event: 4399.134 GC heap before
{Heap before GC invocations=72 (full 6):
 garbage-first heap   total 275456K, used 171848K [0x00000000c0000000, 0x0000000100000000)
  region size 1024K, 15 young (15360K), 2 survivors (2048K)
 Metaspace       used 94500K, committed 95488K, reserved 1138688K
  class space    used 12446K, committed 12928K, reserved 1048576K
}
Event: 4399.212 GC heap after
{Heap after GC invocations=73 (full 7):
 garbage-first heap   total 275456K, used 147672K [0x00000000c0000000, 0x0000000100000000)
  region size 1024K, 0 young (0K), 0 survivors (0K)
 Metaspace       used 94500K, committed 95488K, reserved 1138688K
  class space    used 12446K, committed 12928K, reserved 1048576K
}
Event: 5747.361 GC heap before
{Heap before GC invocations=73 (full 7):
 garbage-first heap   total 275456K, used 211160K [0x00000000c0000000, 0x0000000100000000)
  region size 1024K, 63 young (64512K), 0 survivors (0K)
 Metaspace       used 94636K, committed 95616K, reserved 1138688K
  class space    used 12458K, committed 12928K, reserved 1048576K
}
Event: 5747.365 GC heap after
{Heap after GC invocations=74 (full 7):
 garbage-first heap   total 275456K, used 152085K [0x00000000c0000000, 0x0000000100000000)
  region size 1024K, 5 young (5120K), 5 survivors (5120K)
 Metaspace       used 94636K, committed 95616K, reserved 1138688K
  class space    used 12458K, committed 12928K, reserved 1048576K
}
Event: 5933.722 GC heap before
{Heap before GC invocations=75 (full 7):
 garbage-first heap   total 275456K, used 212501K [0x00000000c0000000, 0x0000000100000000)
  region size 1024K, 66 young (67584K), 5 survivors (5120K)
 Metaspace       used 94250K, committed 95616K, reserved 1138688K
  class space    used 12335K, committed 12928K, reserved 1048576K
}
Event: 5933.816 GC heap after
{Heap after GC invocations=76 (full 8):
 garbage-first heap   total 275456K, used 138807K [0x00000000c0000000, 0x0000000100000000)
  region size 1024K, 0 young (0K), 0 survivors (0K)
 Metaspace       used 94179K, committed 95616K, reserved 1138688K
  class space    used 12323K, committed 12928K, reserved 1048576K
}
Event: 5937.508 GC heap before
{Heap before GC invocations=76 (full 8):
 garbage-first heap   total 275456K, used 209463K [0x00000000c0000000, 0x0000000100000000)
  region size 1024K, 70 young (71680K), 0 survivors (0K)
 Metaspace       used 94517K, committed 95680K, reserved 1138688K
  class space    used 12363K, committed 12928K, reserved 1048576K
}
Event: 5937.514 GC heap after
{Heap after GC invocations=77 (full 8):
 garbage-first heap   total 275456K, used 146857K [0x00000000c0000000, 0x0000000100000000)
  region size 1024K, 8 young (8192K), 8 survivors (8192K)
 Metaspace       used 94517K, committed 95680K, reserved 1138688K
  class space    used 12363K, committed 12928K, reserved 1048576K
}
Event: 6366.648 GC heap before
{Heap before GC invocations=78 (full 8):
 garbage-first heap   total 275456K, used 161193K [0x00000000c0000000, 0x0000000100000000)
  region size 1024K, 23 young (23552K), 8 survivors (8192K)
 Metaspace       used 91878K, committed 94336K, reserved 1138688K
  class space    used 12021K, committed 12864K, reserved 1048576K
}
Event: 6366.764 GC heap after
{Heap after GC invocations=79 (full 9):
 garbage-first heap   total 275456K, used 133696K [0x00000000c0000000, 0x0000000100000000)
  region size 1024K, 0 young (0K), 0 survivors (0K)
 Metaspace       used 91868K, committed 94336K, reserved 1138688K
  class space    used 12020K, committed 12864K, reserved 1048576K
}
Event: 6370.586 GC heap before
{Heap before GC invocations=79 (full 9):
 garbage-first heap   total 275456K, used 210496K [0x00000000c0000000, 0x0000000100000000)
  region size 1024K, 76 young (77824K), 0 survivors (0K)
 Metaspace       used 91971K, committed 94400K, reserved 1138688K
  class space    used 12022K, committed 12864K, reserved 1048576K
}
Event: 6370.609 GC heap after
{Heap after GC invocations=80 (full 9):
 garbage-first heap   total 275456K, used 152430K [0x00000000c0000000, 0x0000000100000000)
  region size 1024K, 10 young (10240K), 10 survivors (10240K)
 Metaspace       used 91971K, committed 94400K, reserved 1138688K
  class space    used 12022K, committed 12864K, reserved 1048576K
}
Event: 6371.177 GC heap before
{Heap before GC invocations=81 (full 9):
 garbage-first heap   total 286720K, used 216942K [0x00000000c0000000, 0x0000000100000000)
  region size 1024K, 66 young (67584K), 10 survivors (10240K)
 Metaspace       used 92067K, committed 94400K, reserved 1138688K
  class space    used 12026K, committed 12864K, reserved 1048576K
}
Event: 6371.195 GC heap after
{Heap after GC invocations=82 (full 9):
 garbage-first heap   total 286720K, used 179261K [0x00000000c0000000, 0x0000000100000000)
  region size 1024K, 9 young (9216K), 9 survivors (9216K)
 Metaspace       used 92067K, committed 94400K, reserved 1138688K
  class space    used 12026K, committed 12864K, reserved 1048576K
}
Event: 6371.294 GC heap before
{Heap before GC invocations=82 (full 9):
 garbage-first heap   total 286720K, used 187453K [0x00000000c0000000, 0x0000000100000000)
  region size 1024K, 14 young (14336K), 9 survivors (9216K)
 Metaspace       used 92068K, committed 94400K, reserved 1138688K
  class space    used 12026K, committed 12864K, reserved 1048576K
}
Event: 6371.301 GC heap after
{Heap after GC invocations=83 (full 9):
 garbage-first heap   total 286720K, used 186291K [0x00000000c0000000, 0x0000000100000000)
  region size 1024K, 2 young (2048K), 2 survivors (2048K)
 Metaspace       used 92068K, committed 94400K, reserved 1138688K
  class space    used 12026K, committed 12864K, reserved 1048576K
}
Event: 6371.391 GC heap before
{Heap before GC invocations=83 (full 9):
 garbage-first heap   total 286720K, used 201651K [0x00000000c0000000, 0x0000000100000000)
  region size 1024K, 18 young (18432K), 2 survivors (2048K)
 Metaspace       used 92069K, committed 94400K, reserved 1138688K
  class space    used 12026K, committed 12864K, reserved 1048576K
}
Event: 6371.394 GC heap after
{Heap after GC invocations=84 (full 9):
 garbage-first heap   total 286720K, used 188335K [0x00000000c0000000, 0x0000000100000000)
  region size 1024K, 4 young (4096K), 4 survivors (4096K)
 Metaspace       used 92069K, committed 94400K, reserved 1138688K
  class space    used 12026K, committed 12864K, reserved 1048576K
}
Event: 6371.778 GC heap before
{Heap before GC invocations=85 (full 9):
 garbage-first heap   total 339968K, used 223151K [0x00000000c0000000, 0x0000000100000000)
  region size 1024K, 42 young (43008K), 4 survivors (4096K)
 Metaspace       used 93472K, committed 94528K, reserved 1138688K
  class space    used 12217K, committed 12864K, reserved 1048576K
}
Event: 6371.785 GC heap after
{Heap after GC invocations=86 (full 9):
 garbage-first heap   total 339968K, used 192996K [0x00000000c0000000, 0x0000000100000000)
  region size 1024K, 6 young (6144K), 6 survivors (6144K)
 Metaspace       used 93472K, committed 94528K, reserved 1138688K
  class space    used 12217K, committed 12864K, reserved 1048576K
}

